C51 COMPILER V9.00   EEPROM                                                                11/04/2017 08:43:07 PAGE 1   


C51 COMPILER V9.00, COMPILATION OF MODULE EEPROM
OBJECT MODULE PLACED IN ..\output\eeprom.obj
COMPILER INVOKED BY: D:\keil\keillc51\keillc51set\C51\BIN\C51.EXE ..\program\eeprom.c BROWSE INCDIR(..\program) DEBUG OB
                    -JECTEXTEND PRINT(..\listing\eeprom.lst) TABS(2) OBJECT(..\output\eeprom.obj)

line level    source

   1          /****************************************************************
   2          /*文件名：EEPROM.C      //@11.0592MHz
   3          /*功能：
   4          /*说明：
   5          /*修改日期：2017-05-30
   6          /*作者：c.c. 
   7          /***************************************************************/
   8          #include "i2c.h"
   9          #include "eeprom.h"
  10          
  11          void write_eeprom(uchar addr,uchar databyte)
  12          {
  13   1        I2CStart();
  14   1        I2CSend(0xa0);        //1010(默认) 000(设备地址)0(写),
  15   1        I2CSend(addr);        //数据要存储的地址
  16   1        I2CSend(databyte);      //要发送的八位数据
  17   1      
  18   1        I2CStop();
  19   1      }
  20          
  21          uchar read_eeprom(uchar addr)
  22          {
  23   1        uchar databyte;
  24   1      
  25   1        I2CStart();
  26   1        I2CSend(0xa0);        //1010(默认) 000(地址)0(写),
  27   1        I2CSend(addr);        //要读取数据所在的地址
  28   1      
  29   1        I2CStart();
  30   1        I2CSend(0xa1);        //1010(默认) 000(地址)1读
  31   1        databyte = I2CRead(0);
  32   1      
  33   1        I2CStop();
  34   1          
  35   1        return databyte;
  36   1      }
  37          /***********使用方法如此函数下程序***********/
  38          void I2C_init_ADDR(uchar devaddr)
  39          {
  40   1        I2CStart();
  41   1        I2CSend(0xa0);        //1010(默认) 000(地址)0(写),
  42   1        I2CSend(devaddr);     //存储器数据存储地址
  43   1      } 
  44          
  45          #if 0
                /****页写入帧历程****/
                I2C_init_ADDR(0x00);              
                I2CSend(0x01);              
                I2CSend(0x02);              
                I2CSend(0x03);              
                I2CSend(0x04);              
                I2CStop();                
                /********************/
                Delay(255);
C51 COMPILER V9.00   EEPROM                                                                11/04/2017 08:43:07 PAGE 2   

                Delay(255);
                Delay(255); 至少//1ms以上
                /*****连续读帧*******/
                I2C_init_ADDR(0x00);             
                I2CStart();              
                I2CSend(0xa1);  //控制字地址000，读          
                o=I2CRead(0);  //应答        
                p=I2CRead(0);            
                q=I2CRead(0);            
                l=I2CRead(1);  //非应答        
                I2CStop();               
                /*********************/ 
              #endif
  68          


MODULE INFORMATION:   STATIC OVERLAYABLE
   CODE SIZE        =     76    ----
   CONSTANT SIZE    =   ----    ----
   XDATA SIZE       =   ----    ----
   PDATA SIZE       =   ----    ----
   DATA SIZE        =   ----       5
   IDATA SIZE       =   ----    ----
   BIT SIZE         =   ----    ----
END OF MODULE INFORMATION.


C51 COMPILATION COMPLETE.  0 WARNING(S),  0 ERROR(S)
